# JRE version: OpenJDK Runtime Environment (23.0.2+7) (build 23.0.2+7-58)
# Java VM: OpenJDK 64-Bit Server VM (23.0.2+7-58, mixed mode, sharing, tiered, compressed oops, compressed class ptrs, g1 gc, windows-amd64)
GC Precious Log:
 CardTable entry size: 512
 Card Set container configuration: InlinePtr #cards 5 size 8 Array Of Cards #cards 10 size 36 Howl #buckets 4 coarsen threshold 1843 Howl Bitmap #cards 512 size 80 coarsen threshold 460 Card regions per heap region 1 cards per card region 2048
 CPUs: 12 total, 12 available
 Memory: 7783M
 Large Page Support: Disabled
 NUMA Support: Disabled
 Compressed Oops: Enabled (32-bit)
 Heap Region Size: 1M
 Heap Min Capacity: 8M
 Heap Initial Capacity: 122M
 Heap Max Capacity: 1946M
 Pre-touch: Disabled
 Parallel Workers: 10
 Concurrent Workers: 3
 Concurrent Refinement Workers: 10
 Periodic GC: Disabled
Heap:
 garbage-first heap   total reserved 1992704K, committed 58368K, used 43298K [0x0000000086600000, 0x0000000100000000)
  region size 1024K, 25 young (25600K), 4 survivors (4096K)
 Metaspace       used 46396K, committed 46912K, reserved 1114112K
  class space    used 6342K, committed 6592K, reserved 1048576K
GC Heap History (16 events):
Event: 0.484 GC heap before
{Heap before GC invocations=0 (full 0):
 garbage-first heap   total reserved 1992704K, committed 124928K, used 25600K [0x0000000086600000, 0x0000000100000000)
  region size 1024K, 24 young (24576K), 0 survivors (0K)
 Metaspace       used 6679K, committed 6848K, reserved 1114112K
  class space    used 819K, committed 896K, reserved 1048576K
}
Event: 0.490 GC heap after
{Heap after GC invocations=1 (full 0):
 garbage-first heap   total reserved 1992704K, committed 124928K, used 8432K [0x0000000086600000, 0x0000000100000000)
  region size 1024K, 3 young (3072K), 3 survivors (3072K)
 Metaspace       used 6679K, committed 6848K, reserved 1114112K
  class space    used 819K, committed 896K, reserved 1048576K
}
Event: 0.745 GC heap before
{Heap before GC invocations=1 (full 0):
 garbage-first heap   total reserved 1992704K, committed 124928K, used 28912K [0x0000000086600000, 0x0000000100000000)
  region size 1024K, 24 young (24576K), 3 survivors (3072K)
 Metaspace       used 12117K, committed 12416K, reserved 1114112K
  class space    used 1631K, committed 1792K, reserved 1048576K
}
Event: 0.748 GC heap after
{Heap after GC invocations=2 (full 0):
 garbage-first heap   total reserved 1992704K, committed 124928K, used 10293K [0x0000000086600000, 0x0000000100000000)
  region size 1024K, 2 young (2048K), 2 survivors (2048K)
 Metaspace       used 12117K, committed 12416K, reserved 1114112K
  class space    used 1631K, committed 1792K, reserved 1048576K
}
Event: 1.022 GC heap before
{Heap before GC invocations=2 (full 0):
 garbage-first heap   total reserved 1992704K, committed 124928K, used 45109K [0x0000000086600000, 0x0000000100000000)
  region size 1024K, 38 young (38912K), 2 survivors (2048K)
 Metaspace       used 21226K, committed 21504K, reserved 1114112K
  class space    used 2761K, committed 2880K, reserved 1048576K
}
Event: 1.026 GC heap after
{Heap after GC invocations=3 (full 0):
 garbage-first heap   total reserved 1992704K, committed 124928K, used 13435K [0x0000000086600000, 0x0000000100000000)
  region size 1024K, 5 young (5120K), 5 survivors (5120K)
 Metaspace       used 21226K, committed 21504K, reserved 1114112K
  class space    used 2761K, committed 2880K, reserved 1048576K
}
Event: 1.280 GC heap before
{Heap before GC invocations=4 (full 0):
 garbage-first heap   total reserved 1992704K, committed 48128K, used 36987K [0x0000000086600000, 0x0000000100000000)
  region size 1024K, 28 young (28672K), 5 survivors (5120K)
 Metaspace       used 24157K, committed 24512K, reserved 1114112K
  class space    used 3143K, committed 3264K, reserved 1048576K
}
Event: 1.285 GC heap after
{Heap after GC invocations=5 (full 0):
 garbage-first heap   total reserved 1992704K, committed 48128K, used 16267K [0x0000000086600000, 0x0000000100000000)
  region size 1024K, 4 young (4096K), 4 survivors (4096K)
 Metaspace       used 24157K, committed 24512K, reserved 1114112K
  class space    used 3143K, committed 3264K, reserved 1048576K
}
Event: 1.566 GC heap before
{Heap before GC invocations=5 (full 0):
 garbage-first heap   total reserved 1992704K, committed 48128K, used 34699K [0x0000000086600000, 0x0000000100000000)
  region size 1024K, 22 young (22528K), 4 survivors (4096K)
 Metaspace       used 26983K, committed 27328K, reserved 1114112K
  class space    used 3532K, committed 3712K, reserved 1048576K
}
Event: 1.574 GC heap after
{Heap after GC invocations=6 (full 0):
 garbage-first heap   total reserved 1992704K, committed 48128K, used 17586K [0x0000000086600000, 0x0000000100000000)
  region size 1024K, 2 young (2048K), 2 survivors (2048K)
 Metaspace       used 26983K, committed 27328K, reserved 1114112K
  class space    used 3532K, committed 3712K, reserved 1048576K
}
Event: 1.845 GC heap before
{Heap before GC invocations=6 (full 0):
 garbage-first heap   total reserved 1992704K, committed 48128K, used 36018K [0x0000000086600000, 0x0000000100000000)
  region size 1024K, 20 young (20480K), 2 survivors (2048K)
 Metaspace       used 30505K, committed 30912K, reserved 1114112K
  class space    used 4051K, committed 4224K, reserved 1048576K
}
Event: 1.849 GC heap after
{Heap after GC invocations=7 (full 0):
 garbage-first heap   total reserved 1992704K, committed 58368K, used 19719K [0x0000000086600000, 0x0000000100000000)
  region size 1024K, 3 young (3072K), 3 survivors (3072K)
 Metaspace       used 30505K, committed 30912K, reserved 1114112K
  class space    used 4051K, committed 4224K, reserved 1048576K
}
Event: 2.329 GC heap before
{Heap before GC invocations=7 (full 0):
 garbage-first heap   total reserved 1992704K, committed 58368K, used 43271K [0x0000000086600000, 0x0000000100000000)
  region size 1024K, 27 young (27648K), 3 survivors (3072K)
 Metaspace       used 35463K, committed 35968K, reserved 1114112K
  class space    used 4705K, committed 4928K, reserved 1048576K
}
Event: 2.333 GC heap after
{Heap after GC invocations=8 (full 0):
 garbage-first heap   total reserved 1992704K, committed 58368K, used 21988K [0x0000000086600000, 0x0000000100000000)
  region size 1024K, 4 young (4096K), 4 survivors (4096K)
 Metaspace       used 35463K, committed 35968K, reserved 1114112K
  class space    used 4705K, committed 4928K, reserved 1048576K
}
Event: 2.712 GC heap before
{Heap before GC invocations=9 (full 0):
 garbage-first heap   total reserved 1992704K, committed 58368K, used 45540K [0x0000000086600000, 0x0000000100000000)
  region size 1024K, 28 young (28672K), 4 survivors (4096K)
 Metaspace       used 41753K, committed 42304K, reserved 1114112K
  class space    used 5578K, committed 5824K, reserved 1048576K
}
Event: 2.715 GC heap after
{Heap after GC invocations=10 (full 0):
 garbage-first heap   total reserved 1992704K, committed 58368K, used 23842K [0x0000000086600000, 0x0000000100000000)
  region size 1024K, 4 young (4096K), 4 survivors (4096K)
 Metaspace       used 41753K, committed 42304K, reserved 1114112K
  class space    used 5578K, committed 5824K, reserved 1048576K
}

